<?xml version="1.0" encoding="UTF-8"?>
<testng-results ignored="0" total="1" passed="1" failed="0" skipped="0">
  <reporter-output>
  </reporter-output>
  <suite started-at="2025-01-03T08:48:19Z" name="Default suite" finished-at="2025-01-03T08:48:31Z" duration-ms="12320">
    <groups>
    </groups>
    <test started-at="2025-01-03T08:48:19Z" name="Default test" finished-at="2025-01-03T08:48:31Z" duration-ms="12320">
      <class name="testcases.mytheresa.NewUserJourney">
        <test-method signature="accountCreate()[pri:0, instance:testcases.mytheresa.NewUserJourney@f0c8a99]" started-at="2025-01-03T08:48:19Z" name="accountCreate" finished-at="2025-01-03T08:48:31Z" duration-ms="12315" status="PASS">
          <reporter-output>
          </reporter-output>
        </test-method> <!-- accountCreate -->
      </class> <!-- testcases.mytheresa.NewUserJourney -->
    </test> <!-- Default test -->
  </suite> <!-- Default suite -->
</testng-results>
